2020-09-26 11:25:38,385 INFO [main] c.i.s.App [App.java:18] INFO message value
2020-09-26 11:25:38,388 WARN [main] c.i.s.App [App.java:19] WARN message value
2020-09-26 11:25:38,388 ERROR [main] c.i.s.App [App.java:20] ERROR message value
2020-09-26 11:25:38,388 DEBUG [main] c.i.s.App [App.java:22] DEBUG message value
2020-09-26 11:27:15,379 INFO [main] c.i.s.App [App.java:18] INFO message value
2020-09-26 11:27:15,381 WARN [main] c.i.s.App [App.java:19] WARN message value
2020-09-26 11:27:15,381 ERROR [main] c.i.s.App [App.java:20] ERROR message value
2020-09-26 11:27:23,725 WARN [main] c.i.s.App [App.java:19] WARN message value
2020-09-26 11:27:23,728 ERROR [main] c.i.s.App [App.java:20] ERROR message value
2020-09-26 11:28:10,750 INFO [main] c.i.s.App [App.java:18] INFO message value
2020-09-26 11:28:10,752 WARN [main] c.i.s.App [App.java:19] WARN message value
2020-09-26 11:28:10,752 ERROR [main] c.i.s.App [App.java:20] ERROR message value
2020-09-26 11:28:10,752 TRACE [main] c.i.s.App [App.java:21] TRACE message value
2020-09-26 11:28:10,753 DEBUG [main] c.i.s.App [App.java:22] DEBUG message value
2020-09-26 11:39:36,558 TRACE [main] o.s.c.a.AnnotationConfigApplicationContext [AbstractApplicationContext.java:593] Refreshing org.springframework.context.annotation.AnnotationConfigApplicationContext@3cb1ffe6, started on Sat Sep 26 11:39:36 IST 2020
2020-09-26 11:39:36,584 DEBUG [main] o.s.b.f.s.DefaultListableBeanFactory [DefaultSingletonBeanRegistry.java:217] Creating shared instance of singleton bean 'org.springframework.context.annotation.internalConfigurationAnnotationProcessor'
2020-09-26 11:39:36,584 TRACE [main] o.s.b.f.s.DefaultListableBeanFactory [AbstractAutowireCapableBeanFactory.java:481] Creating instance of bean 'org.springframework.context.annotation.internalConfigurationAnnotationProcessor'
2020-09-26 11:39:36,597 TRACE [main] o.s.b.f.s.DefaultListableBeanFactory [AbstractAutowireCapableBeanFactory.java:584] Eagerly caching bean 'org.springframework.context.annotation.internalConfigurationAnnotationProcessor' to allow for resolving potential circular references
2020-09-26 11:39:36,599 TRACE [main] o.s.b.f.s.DefaultListableBeanFactory [AbstractAutowireCapableBeanFactory.java:518] Finished creating instance of bean 'org.springframework.context.annotation.internalConfigurationAnnotationProcessor'
2020-09-26 11:39:36,617 TRACE [main] o.s.c.i.s.PathMatchingResourcePatternResolver [PathMatchingResourcePatternResolver.java:323] Resolved classpath location [com/iqvia/] to resources [URL [file:/home/ghouse/00_Trainings/IQVIA/workspace/springaopdemo/target/classes/com/iqvia/]]
2020-09-26 11:39:36,618 TRACE [main] o.s.c.i.s.PathMatchingResourcePatternResolver [PathMatchingResourcePatternResolver.java:730] Looking for matching resources in directory tree [/home/ghouse/00_Trainings/IQVIA/workspace/springaopdemo/target/classes/com/iqvia]
2020-09-26 11:39:36,618 TRACE [main] o.s.c.i.s.PathMatchingResourcePatternResolver [PathMatchingResourcePatternResolver.java:792] Searching directory [/home/ghouse/00_Trainings/IQVIA/workspace/springaopdemo/target/classes/com/iqvia] for files matching pattern [/home/ghouse/00_Trainings/IQVIA/workspace/springaopdemo/target/classes/com/iqvia/**/*.class]
2020-09-26 11:39:36,621 TRACE [main] o.s.c.i.s.PathMatchingResourcePatternResolver [PathMatchingResourcePatternResolver.java:792] Searching directory [/home/ghouse/00_Trainings/IQVIA/workspace/springaopdemo/target/classes/com/iqvia/springaopdemo] for files matching pattern [/home/ghouse/00_Trainings/IQVIA/workspace/springaopdemo/target/classes/com/iqvia/**/*.class]
2020-09-26 11:39:36,623 TRACE [main] o.s.c.i.s.PathMatchingResourcePatternResolver [PathMatchingResourcePatternResolver.java:517] Resolved location pattern [classpath*:com/iqvia/**/*.class] to resources [file [/home/ghouse/00_Trainings/IQVIA/workspace/springaopdemo/target/classes/com/iqvia/springaopdemo/App.class], file [/home/ghouse/00_Trainings/IQVIA/workspace/springaopdemo/target/classes/com/iqvia/springaopdemo/AppConfig.class], file [/home/ghouse/00_Trainings/IQVIA/workspace/springaopdemo/target/classes/com/iqvia/springaopdemo/LoggingAspect.class], file [/home/ghouse/00_Trainings/IQVIA/workspace/springaopdemo/target/classes/com/iqvia/springaopdemo/ProductService.class]]
2020-09-26 11:39:36,623 TRACE [main] o.s.c.a.ClassPathBeanDefinitionScanner [ClassPathScanningCandidateComponentProvider.java:425] Scanning file [/home/ghouse/00_Trainings/IQVIA/workspace/springaopdemo/target/classes/com/iqvia/springaopdemo/App.class]
2020-09-26 11:39:36,629 TRACE [main] o.s.c.a.ClassPathBeanDefinitionScanner [ClassPathScanningCandidateComponentProvider.java:447] Ignored because not matching any filter: file [/home/ghouse/00_Trainings/IQVIA/workspace/springaopdemo/target/classes/com/iqvia/springaopdemo/App.class]
2020-09-26 11:39:36,629 TRACE [main] o.s.c.a.ClassPathBeanDefinitionScanner [ClassPathScanningCandidateComponentProvider.java:425] Scanning file [/home/ghouse/00_Trainings/IQVIA/workspace/springaopdemo/target/classes/com/iqvia/springaopdemo/AppConfig.class]
2020-09-26 11:39:36,632 TRACE [main] o.s.c.a.ClassPathBeanDefinitionScanner [ClassPathScanningCandidateComponentProvider.java:447] Ignored because not matching any filter: file [/home/ghouse/00_Trainings/IQVIA/workspace/springaopdemo/target/classes/com/iqvia/springaopdemo/AppConfig.class]
2020-09-26 11:39:36,633 TRACE [main] o.s.c.a.ClassPathBeanDefinitionScanner [ClassPathScanningCandidateComponentProvider.java:425] Scanning file [/home/ghouse/00_Trainings/IQVIA/workspace/springaopdemo/target/classes/com/iqvia/springaopdemo/LoggingAspect.class]
2020-09-26 11:39:36,636 DEBUG [main] o.s.c.a.ClassPathBeanDefinitionScanner [ClassPathScanningCandidateComponentProvider.java:435] Identified candidate component class: file [/home/ghouse/00_Trainings/IQVIA/workspace/springaopdemo/target/classes/com/iqvia/springaopdemo/LoggingAspect.class]
2020-09-26 11:39:36,636 TRACE [main] o.s.c.a.ClassPathBeanDefinitionScanner [ClassPathScanningCandidateComponentProvider.java:425] Scanning file [/home/ghouse/00_Trainings/IQVIA/workspace/springaopdemo/target/classes/com/iqvia/springaopdemo/ProductService.class]
2020-09-26 11:39:36,637 DEBUG [main] o.s.c.a.ClassPathBeanDefinitionScanner [ClassPathScanningCandidateComponentProvider.java:435] Identified candidate component class: file [/home/ghouse/00_Trainings/IQVIA/workspace/springaopdemo/target/classes/com/iqvia/springaopdemo/ProductService.class]
2020-09-26 11:39:36,702 TRACE [main] o.s.c.a.ConfigurationClassEnhancer [ConfigurationClassEnhancer.java:111] Successfully enhanced com.iqvia.springaopdemo.AppConfig; enhanced class name is: com.iqvia.springaopdemo.AppConfig$$EnhancerBySpringCGLIB$$509edbb8
2020-09-26 11:39:36,703 TRACE [main] o.s.c.a.ConfigurationClassPostProcessor [ConfigurationClassPostProcessor.java:426] Replacing bean definition 'appConfig' existing class 'com.iqvia.springaopdemo.AppConfig' with enhanced class 'com.iqvia.springaopdemo.AppConfig$$EnhancerBySpringCGLIB$$509edbb8'
2020-09-26 11:39:36,703 DEBUG [main] o.s.b.f.s.DefaultListableBeanFactory [DefaultSingletonBeanRegistry.java:217] Creating shared instance of singleton bean 'org.springframework.context.event.internalEventListenerProcessor'
2020-09-26 11:39:36,703 TRACE [main] o.s.b.f.s.DefaultListableBeanFactory [AbstractAutowireCapableBeanFactory.java:481] Creating instance of bean 'org.springframework.context.event.internalEventListenerProcessor'
2020-09-26 11:39:36,704 TRACE [main] o.s.b.f.s.DefaultListableBeanFactory [AbstractAutowireCapableBeanFactory.java:584] Eagerly caching bean 'org.springframework.context.event.internalEventListenerProcessor' to allow for resolving potential circular references
2020-09-26 11:39:36,704 TRACE [main] o.s.b.f.s.DefaultListableBeanFactory [AbstractAutowireCapableBeanFactory.java:518] Finished creating instance of bean 'org.springframework.context.event.internalEventListenerProcessor'
2020-09-26 11:39:36,705 DEBUG [main] o.s.b.f.s.DefaultListableBeanFactory [DefaultSingletonBeanRegistry.java:217] Creating shared instance of singleton bean 'org.springframework.context.event.internalEventListenerFactory'
2020-09-26 11:39:36,705 TRACE [main] o.s.b.f.s.DefaultListableBeanFactory [AbstractAutowireCapableBeanFactory.java:481] Creating instance of bean 'org.springframework.context.event.internalEventListenerFactory'
2020-09-26 11:39:36,705 TRACE [main] o.s.b.f.s.DefaultListableBeanFactory [AbstractAutowireCapableBeanFactory.java:584] Eagerly caching bean 'org.springframework.context.event.internalEventListenerFactory' to allow for resolving potential circular references
2020-09-26 11:39:36,705 TRACE [main] o.s.b.f.s.DefaultListableBeanFactory [AbstractAutowireCapableBeanFactory.java:518] Finished creating instance of bean 'org.springframework.context.event.internalEventListenerFactory'
2020-09-26 11:39:36,706 DEBUG [main] o.s.b.f.s.DefaultListableBeanFactory [DefaultSingletonBeanRegistry.java:217] Creating shared instance of singleton bean 'org.springframework.context.annotation.internalAutowiredAnnotationProcessor'
2020-09-26 11:39:36,706 TRACE [main] o.s.b.f.s.DefaultListableBeanFactory [AbstractAutowireCapableBeanFactory.java:481] Creating instance of bean 'org.springframework.context.annotation.internalAutowiredAnnotationProcessor'
2020-09-26 11:39:36,707 TRACE [main] o.s.b.f.s.DefaultListableBeanFactory [AbstractAutowireCapableBeanFactory.java:584] Eagerly caching bean 'org.springframework.context.annotation.internalAutowiredAnnotationProcessor' to allow for resolving potential circular references
2020-09-26 11:39:36,707 TRACE [main] o.s.b.f.s.DefaultListableBeanFactory [AbstractAutowireCapableBeanFactory.java:518] Finished creating instance of bean 'org.springframework.context.annotation.internalAutowiredAnnotationProcessor'
2020-09-26 11:39:36,707 DEBUG [main] o.s.b.f.s.DefaultListableBeanFactory [DefaultSingletonBeanRegistry.java:217] Creating shared instance of singleton bean 'org.springframework.aop.config.internalAutoProxyCreator'
2020-09-26 11:39:36,707 TRACE [main] o.s.b.f.s.DefaultListableBeanFactory [AbstractAutowireCapableBeanFactory.java:481] Creating instance of bean 'org.springframework.aop.config.internalAutoProxyCreator'
2020-09-26 11:39:36,718 TRACE [main] o.s.b.f.s.DefaultListableBeanFactory [AbstractAutowireCapableBeanFactory.java:584] Eagerly caching bean 'org.springframework.aop.config.internalAutoProxyCreator' to allow for resolving potential circular references
2020-09-26 11:39:36,725 TRACE [main] o.s.c.i.s.SpringFactoriesLoader [SpringFactoriesLoader.java:100] Loaded [org.springframework.beans.BeanInfoFactory] names: [org.springframework.beans.ExtendedBeanInfoFactory]
2020-09-26 11:39:36,726 TRACE [main] o.s.b.CachedIntrospectionResults [CachedIntrospectionResults.java:270] Getting BeanInfo for class [org.springframework.aop.aspectj.annotation.AnnotationAwareAspectJAutoProxyCreator]
2020-09-26 11:39:36,738 TRACE [main] o.s.b.CachedIntrospectionResults [CachedIntrospectionResults.java:275] Caching PropertyDescriptors for class [org.springframework.aop.aspectj.annotation.AnnotationAwareAspectJAutoProxyCreator]
2020-09-26 11:39:36,738 TRACE [main] o.s.b.CachedIntrospectionResults [CachedIntrospectionResults.java:288] Found bean property 'advisorAdapterRegistry' of type [org.springframework.aop.framework.adapter.AdvisorAdapterRegistry]
2020-09-26 11:39:36,740 TRACE [main] o.s.b.CachedIntrospectionResults [CachedIntrospectionResults.java:288] Found bean property 'applyCommonInterceptorsFirst' of type [boolean]
2020-09-26 11:39:36,740 TRACE [main] o.s.b.CachedIntrospectionResults [CachedIntrospectionResults.java:288] Found bean property 'aspectJAdvisorFactory' of type [org.springframework.aop.aspectj.annotation.AspectJAdvisorFactory]
2020-09-26 11:39:36,740 TRACE [main] o.s.b.CachedIntrospectionResults [CachedIntrospectionResults.java:288] Found bean property 'beanClassLoader' of type [java.lang.ClassLoader]
2020-09-26 11:39:36,740 TRACE [main] o.s.b.CachedIntrospectionResults [CachedIntrospectionResults.java:288] Found bean property 'beanFactory' of type [org.springframework.beans.factory.BeanFactory]
2020-09-26 11:39:36,741 TRACE [main] o.s.b.CachedIntrospectionResults [CachedIntrospectionResults.java:288] Found bean property 'class' of type [java.lang.Class]
2020-09-26 11:39:36,743 TRACE [main] o.s.b.CachedIntrospectionResults [CachedIntrospectionResults.java:288] Found bean property 'customTargetSourceCreators' of type [[Lorg.springframework.aop.framework.autoproxy.TargetSourceCreator;]
2020-09-26 11:39:36,744 TRACE [main] o.s.b.CachedIntrospectionResults [CachedIntrospectionResults.java:288] Found bean property 'exposeProxy' of type [boolean]
2020-09-26 11:39:36,744 TRACE [main] o.s.b.CachedIntrospectionResults [CachedIntrospectionResults.java:288] Found bean property 'frozen' of type [boolean]
2020-09-26 11:39:36,744 TRACE [main] o.s.b.CachedIntrospectionResults [CachedIntrospectionResults.java:288] Found bean property 'includePatterns' of type [java.util.List]
2020-09-26 11:39:36,744 TRACE [main] o.s.b.CachedIntrospectionResults [CachedIntrospectionResults.java:288] Found bean property 'interceptorNames' of type [[Ljava.lang.String;]
2020-09-26 11:39:36,744 TRACE [main] o.s.b.CachedIntrospectionResults [CachedIntrospectionResults.java:288] Found bean property 'opaque' of type [boolean]
2020-09-26 11:39:36,744 TRACE [main] o.s.b.CachedIntrospectionResults [CachedIntrospectionResults.java:288] Found bean property 'optimize' of type [boolean]
2020-09-26 11:39:36,744 TRACE [main] o.s.b.CachedIntrospectionResults [CachedIntrospectionResults.java:288] Found bean property 'order' of type [int]
2020-09-26 11:39:36,745 TRACE [main] o.s.b.CachedIntrospectionResults [CachedIntrospectionResults.java:288] Found bean property 'proxyClassLoader' of type [java.lang.ClassLoader]
2020-09-26 11:39:36,745 TRACE [main] o.s.b.CachedIntrospectionResults [CachedIntrospectionResults.java:288] Found bean property 'proxyTargetClass' of type [boolean]
2020-09-26 11:39:36,758 TRACE [main] o.s.b.f.s.DefaultListableBeanFactory [AbstractAutowireCapableBeanFactory.java:518] Finished creating instance of bean 'org.springframework.aop.config.internalAutoProxyCreator'
2020-09-26 11:39:36,760 TRACE [main] o.s.c.a.AnnotationConfigApplicationContext [AbstractApplicationContext.java:754] No 'messageSource' bean, using [Empty MessageSource]
2020-09-26 11:39:36,762 TRACE [main] o.s.c.a.AnnotationConfigApplicationContext [AbstractApplicationContext.java:777] No 'applicationEventMulticaster' bean, using [SimpleApplicationEventMulticaster]
2020-09-26 11:39:36,763 TRACE [main] o.s.b.f.s.DefaultListableBeanFactory [DefaultListableBeanFactory.java:866] Pre-instantiating singletons in org.springframework.beans.factory.support.DefaultListableBeanFactory@192d43ce: defining beans [org.springframework.context.annotation.internalConfigurationAnnotationProcessor,org.springframework.context.annotation.internalAutowiredAnnotationProcessor,org.springframework.context.event.internalEventListenerProcessor,org.springframework.context.event.internalEventListenerFactory,appConfig,loggingAspect,productService,org.springframework.aop.config.internalAutoProxyCreator]; root of factory hierarchy
2020-09-26 11:39:36,763 TRACE [main] o.s.b.f.s.DefaultListableBeanFactory [AbstractBeanFactory.java:258] Returning cached instance of singleton bean 'org.springframework.context.annotation.internalConfigurationAnnotationProcessor'
2020-09-26 11:39:36,763 TRACE [main] o.s.b.f.s.DefaultListableBeanFactory [AbstractBeanFactory.java:258] Returning cached instance of singleton bean 'org.springframework.context.annotation.internalAutowiredAnnotationProcessor'
2020-09-26 11:39:36,764 TRACE [main] o.s.b.f.s.DefaultListableBeanFactory [AbstractBeanFactory.java:258] Returning cached instance of singleton bean 'org.springframework.context.event.internalEventListenerProcessor'
2020-09-26 11:39:36,764 TRACE [main] o.s.b.f.s.DefaultListableBeanFactory [AbstractBeanFactory.java:258] Returning cached instance of singleton bean 'org.springframework.context.event.internalEventListenerFactory'
2020-09-26 11:39:36,764 DEBUG [main] o.s.b.f.s.DefaultListableBeanFactory [DefaultSingletonBeanRegistry.java:217] Creating shared instance of singleton bean 'appConfig'
2020-09-26 11:39:36,764 TRACE [main] o.s.b.f.s.DefaultListableBeanFactory [AbstractAutowireCapableBeanFactory.java:481] Creating instance of bean 'appConfig'
2020-09-26 11:39:36,780 DEBUG [main] o.s.a.a.a.ReflectiveAspectJAdvisorFactory [ReflectiveAspectJAdvisorFactory.java:258] Found AspectJ method: public void com.iqvia.springaopdemo.LoggingAspect.logBeforeAddingProduct()
2020-09-26 11:39:36,784 TRACE [main] o.s.b.f.s.DefaultListableBeanFactory [AbstractAutowireCapableBeanFactory.java:584] Eagerly caching bean 'appConfig' to allow for resolving potential circular references
2020-09-26 11:39:36,842 TRACE [main] o.s.b.f.s.DefaultListableBeanFactory [AbstractAutowireCapableBeanFactory.java:518] Finished creating instance of bean 'appConfig'
2020-09-26 11:39:36,842 DEBUG [main] o.s.b.f.s.DefaultListableBeanFactory [DefaultSingletonBeanRegistry.java:217] Creating shared instance of singleton bean 'loggingAspect'
2020-09-26 11:39:36,842 TRACE [main] o.s.b.f.s.DefaultListableBeanFactory [AbstractAutowireCapableBeanFactory.java:481] Creating instance of bean 'loggingAspect'
2020-09-26 11:39:36,843 TRACE [main] o.s.b.f.s.DefaultListableBeanFactory [AbstractAutowireCapableBeanFactory.java:584] Eagerly caching bean 'loggingAspect' to allow for resolving potential circular references
2020-09-26 11:39:36,843 TRACE [main] o.s.b.f.s.DefaultListableBeanFactory [AbstractAutowireCapableBeanFactory.java:518] Finished creating instance of bean 'loggingAspect'
2020-09-26 11:39:36,843 DEBUG [main] o.s.b.f.s.DefaultListableBeanFactory [DefaultSingletonBeanRegistry.java:217] Creating shared instance of singleton bean 'productService'
2020-09-26 11:39:36,843 TRACE [main] o.s.b.f.s.DefaultListableBeanFactory [AbstractAutowireCapableBeanFactory.java:481] Creating instance of bean 'productService'
2020-09-26 11:39:36,844 TRACE [main] o.s.b.f.s.DefaultListableBeanFactory [AbstractAutowireCapableBeanFactory.java:584] Eagerly caching bean 'productService' to allow for resolving potential circular references
2020-09-26 11:39:36,855 TRACE [main] o.s.a.a.a.AnnotationAwareAspectJAutoProxyCreator [AbstractAutoProxyCreator.java:529] Creating implicit proxy for bean 'productService' with 0 common interceptors and 2 specific interceptors
2020-09-26 11:39:36,856 TRACE [main] o.s.a.f.CglibAopProxy [CglibAopProxy.java:161] Creating CGLIB proxy: SingletonTargetSource for target object [com.iqvia.springaopdemo.ProductService@56c4278e]
2020-09-26 11:39:36,860 TRACE [main] o.s.a.f.CglibAopProxy [CglibAopProxy.java:889] Unable to apply any optimizations to advised method: public void com.iqvia.springaopdemo.ProductService.addProduct()
2020-09-26 11:39:36,860 TRACE [main] o.s.a.f.CglibAopProxy [CglibAopProxy.java:851] Found 'equals' method: public boolean java.lang.Object.equals(java.lang.Object)
2020-09-26 11:39:36,861 TRACE [main] o.s.a.f.CglibAopProxy [CglibAopProxy.java:889] Unable to apply any optimizations to advised method: public java.lang.String java.lang.Object.toString()
2020-09-26 11:39:36,861 TRACE [main] o.s.a.f.CglibAopProxy [CglibAopProxy.java:858] Found 'hashCode' method: public native int java.lang.Object.hashCode()
2020-09-26 11:39:36,861 TRACE [main] o.s.a.f.CglibAopProxy [CglibAopProxy.java:889] Unable to apply any optimizations to advised method: protected native java.lang.Object java.lang.Object.clone() throws java.lang.CloneNotSupportedException
2020-09-26 11:39:36,861 TRACE [main] o.s.a.f.CglibAopProxy [CglibAopProxy.java:844] Method is declared on Advised interface: public abstract int org.springframework.aop.framework.Advised.indexOf(org.springframework.aop.Advisor)
2020-09-26 11:39:36,861 TRACE [main] o.s.a.f.CglibAopProxy [CglibAopProxy.java:844] Method is declared on Advised interface: public abstract int org.springframework.aop.framework.Advised.indexOf(org.aopalliance.aop.Advice)
2020-09-26 11:39:36,861 TRACE [main] o.s.a.f.CglibAopProxy [CglibAopProxy.java:844] Method is declared on Advised interface: public abstract boolean org.springframework.aop.framework.Advised.isFrozen()
2020-09-26 11:39:36,862 TRACE [main] o.s.a.f.CglibAopProxy [CglibAopProxy.java:844] Method is declared on Advised interface: public abstract void org.springframework.aop.framework.Advised.setTargetSource(org.springframework.aop.TargetSource)
2020-09-26 11:39:36,862 TRACE [main] o.s.a.f.CglibAopProxy [CglibAopProxy.java:844] Method is declared on Advised interface: public abstract org.springframework.aop.Advisor[] org.springframework.aop.framework.Advised.getAdvisors()
2020-09-26 11:39:36,862 TRACE [main] o.s.a.f.CglibAopProxy [CglibAopProxy.java:844] Method is declared on Advised interface: public abstract org.springframework.aop.TargetSource org.springframework.aop.framework.Advised.getTargetSource()
2020-09-26 11:39:36,862 TRACE [main] o.s.a.f.CglibAopProxy [CglibAopProxy.java:844] Method is declared on Advised interface: public abstract boolean org.springframework.aop.framework.Advised.isProxyTargetClass()
2020-09-26 11:39:36,862 TRACE [main] o.s.a.f.CglibAopProxy [CglibAopProxy.java:844] Method is declared on Advised interface: public abstract void org.springframework.aop.framework.Advised.setPreFiltered(boolean)
2020-09-26 11:39:36,862 TRACE [main] o.s.a.f.CglibAopProxy [CglibAopProxy.java:844] Method is declared on Advised interface: public abstract void org.springframework.aop.framework.Advised.setExposeProxy(boolean)
2020-09-26 11:39:36,862 TRACE [main] o.s.a.f.CglibAopProxy [CglibAopProxy.java:844] Method is declared on Advised interface: public abstract boolean org.springframework.aop.framework.Advised.isExposeProxy()
2020-09-26 11:39:36,862 TRACE [main] o.s.a.f.CglibAopProxy [CglibAopProxy.java:844] Method is declared on Advised interface: public abstract void org.springframework.aop.framework.Advised.addAdvice(int,org.aopalliance.aop.Advice) throws org.springframework.aop.framework.AopConfigException
2020-09-26 11:39:36,863 TRACE [main] o.s.a.f.CglibAopProxy [CglibAopProxy.java:844] Method is declared on Advised interface: public abstract void org.springframework.aop.framework.Advised.addAdvice(org.aopalliance.aop.Advice) throws org.springframework.aop.framework.AopConfigException
2020-09-26 11:39:36,863 TRACE [main] o.s.a.f.CglibAopProxy [CglibAopProxy.java:844] Method is declared on Advised interface: public abstract boolean org.springframework.aop.framework.Advised.isPreFiltered()
2020-09-26 11:39:36,863 TRACE [main] o.s.a.f.CglibAopProxy [CglibAopProxy.java:844] Method is declared on Advised interface: public abstract java.lang.Class[] org.springframework.aop.framework.Advised.getProxiedInterfaces()
2020-09-26 11:39:36,863 TRACE [main] o.s.a.f.CglibAopProxy [CglibAopProxy.java:844] Method is declared on Advised interface: public abstract boolean org.springframework.aop.framework.Advised.isInterfaceProxied(java.lang.Class)
2020-09-26 11:39:36,863 TRACE [main] o.s.a.f.CglibAopProxy [CglibAopProxy.java:844] Method is declared on Advised interface: public abstract void org.springframework.aop.framework.Advised.addAdvisor(int,org.springframework.aop.Advisor) throws org.springframework.aop.framework.AopConfigException
2020-09-26 11:39:36,863 TRACE [main] o.s.a.f.CglibAopProxy [CglibAopProxy.java:844] Method is declared on Advised interface: public abstract void org.springframework.aop.framework.Advised.addAdvisor(org.springframework.aop.Advisor) throws org.springframework.aop.framework.AopConfigException
2020-09-26 11:39:36,863 TRACE [main] o.s.a.f.CglibAopProxy [CglibAopProxy.java:844] Method is declared on Advised interface: public abstract void org.springframework.aop.framework.Advised.removeAdvisor(int) throws org.springframework.aop.framework.AopConfigException
2020-09-26 11:39:36,863 TRACE [main] o.s.a.f.CglibAopProxy [CglibAopProxy.java:844] Method is declared on Advised interface: public abstract boolean org.springframework.aop.framework.Advised.removeAdvisor(org.springframework.aop.Advisor)
2020-09-26 11:39:36,864 TRACE [main] o.s.a.f.CglibAopProxy [CglibAopProxy.java:844] Method is declared on Advised interface: public abstract boolean org.springframework.aop.framework.Advised.replaceAdvisor(org.springframework.aop.Advisor,org.springframework.aop.Advisor) throws org.springframework.aop.framework.AopConfigException
2020-09-26 11:39:36,864 TRACE [main] o.s.a.f.CglibAopProxy [CglibAopProxy.java:844] Method is declared on Advised interface: public abstract boolean org.springframework.aop.framework.Advised.removeAdvice(org.aopalliance.aop.Advice)
2020-09-26 11:39:36,864 TRACE [main] o.s.a.f.CglibAopProxy [CglibAopProxy.java:844] Method is declared on Advised interface: public abstract java.lang.String org.springframework.aop.framework.Advised.toProxyConfigString()
2020-09-26 11:39:36,864 TRACE [main] o.s.a.f.CglibAopProxy [CglibAopProxy.java:844] Method is declared on Advised interface: public abstract java.lang.Class org.springframework.aop.TargetClassAware.getTargetClass()
2020-09-26 11:39:36,872 TRACE [main] o.s.b.f.s.DefaultListableBeanFactory [AbstractAutowireCapableBeanFactory.java:518] Finished creating instance of bean 'productService'
2020-09-26 11:39:36,872 TRACE [main] o.s.b.f.s.DefaultListableBeanFactory [AbstractBeanFactory.java:258] Returning cached instance of singleton bean 'org.springframework.aop.config.internalAutoProxyCreator'
2020-09-26 11:39:36,874 TRACE [main] o.s.c.e.EventListenerMethodProcessor [EventListenerMethodProcessor.java:166] No @EventListener annotations found on bean class: com.iqvia.springaopdemo.AppConfig$$EnhancerBySpringCGLIB$$509edbb8
2020-09-26 11:39:36,875 TRACE [main] o.s.c.e.EventListenerMethodProcessor [EventListenerMethodProcessor.java:166] No @EventListener annotations found on bean class: com.iqvia.springaopdemo.LoggingAspect
2020-09-26 11:39:36,875 TRACE [main] o.s.c.e.EventListenerMethodProcessor [EventListenerMethodProcessor.java:166] No @EventListener annotations found on bean class: com.iqvia.springaopdemo.ProductService
2020-09-26 11:39:36,876 TRACE [main] o.s.c.a.AnnotationConfigApplicationContext [AbstractApplicationContext.java:803] No 'lifecycleProcessor' bean, using [DefaultLifecycleProcessor]
2020-09-26 11:39:36,876 TRACE [main] o.s.b.f.s.DefaultListableBeanFactory [AbstractBeanFactory.java:258] Returning cached instance of singleton bean 'lifecycleProcessor'
2020-09-26 11:39:36,878 TRACE [main] o.s.c.e.PropertySourcesPropertyResolver [PropertySourcesPropertyResolver.java:82] Searching for key 'spring.liveBeansView.mbeanDomain' in PropertySource 'systemProperties'
2020-09-26 11:39:36,878 TRACE [main] o.s.c.e.PropertySourcesPropertyResolver [PropertySourcesPropertyResolver.java:82] Searching for key 'spring.liveBeansView.mbeanDomain' in PropertySource 'systemEnvironment'
2020-09-26 11:39:36,878 TRACE [main] o.s.c.e.PropertySourcesPropertyResolver [PropertySourcesPropertyResolver.java:96] Could not find key 'spring.liveBeansView.mbeanDomain' in any property source
2020-09-26 11:39:36,880 TRACE [main] o.s.b.f.s.DefaultListableBeanFactory [AbstractBeanFactory.java:258] Returning cached instance of singleton bean 'productService'
2020-09-26 11:39:36,882 TRACE [main] o.s.b.f.s.DefaultListableBeanFactory [AbstractBeanFactory.java:258] Returning cached instance of singleton bean 'loggingAspect'
2020-09-26 11:39:36,882 INFO [main] c.i.s.LoggingAspect [LoggingAspect.java:19] Product is being added to DB
2020-09-26 11:40:01,124 INFO [main] c.i.s.LoggingAspect [LoggingAspect.java:19] Product is being added to DB
2020-09-26 11:42:29,172 INFO [main] c.i.s.LoggingAspect [LoggingAspect.java:20] Product is being added to DB
2020-09-26 11:42:29,183 INFO [main] c.i.s.LoggingAspect [LoggingAspect.java:26] Order placed
2020-09-26 11:44:11,708 INFO [main] c.i.s.LoggingAspect [LoggingAspect.java:22] Product is being added to DB
2020-09-26 11:44:11,721 INFO [main] c.i.s.LoggingAspect [LoggingAspect.java:28] Order placedcom.iqvia.springaopdemo.ProductService
